<?xml version="1.0" encoding="UTF-8"?>
<!-- Generated by org.testng.reporters.JUnitXMLReporter -->
<testsuite ignored="0" hostname="DESKTOP-9LN3PKI" failures="2" tests="2" name="BuyProduct2" time="14.739" errors="0" timestamp="2023-10-17T18:17:34 PKT">
  <testcase classname="frameworkPart3.SendingDataInHashMap" name="standAloneTest" time="0.034">
    <failure type="java.lang.IllegalArgumentException" message="Keys to send should be a not null CharSequence">
      <![CDATA[java.lang.IllegalArgumentException: Keys to send should be a not null CharSequence
at org.openqa.selenium.remote.RemoteWebElement.sendKeys(RemoteWebElement.java:97)
at org.openqa.selenium.support.pagefactory.internal.LocatingElementHandler.invoke(LocatingElementHandler.java:51)
at jdk.proxy2/jdk.proxy2.$Proxy17.sendKeys(Unknown Source)
at pageObjectFrameWork3.LandingPage.loginApplication(LandingPage.java:37)
at frameworkPart3.SendingDataInHashMap.standAloneTest(SendingDataInHashMap.java:34)
at java.base/java.util.ArrayList.forEach(ArrayList.java:1511)
... Removed 27 stack frames]]>
    </failure>
  </testcase> <!-- standAloneTest -->
  <testcase classname="frameworkPart3.SendingDataInHashMap" name="standAloneTest" time="0.039">
    <failure type="java.lang.IllegalArgumentException" message="Keys to send should be a not null CharSequence">
      <![CDATA[java.lang.IllegalArgumentException: Keys to send should be a not null CharSequence
at org.openqa.selenium.remote.RemoteWebElement.sendKeys(RemoteWebElement.java:97)
at org.openqa.selenium.support.pagefactory.internal.LocatingElementHandler.invoke(LocatingElementHandler.java:51)
at jdk.proxy2/jdk.proxy2.$Proxy17.sendKeys(Unknown Source)
at pageObjectFrameWork3.LandingPage.loginApplication(LandingPage.java:37)
at frameworkPart3.SendingDataInHashMap.standAloneTest(SendingDataInHashMap.java:34)
at java.base/java.util.ArrayList.forEach(ArrayList.java:1511)
... Removed 27 stack frames]]>
    </failure>
  </testcase> <!-- standAloneTest -->
</testsuite> <!-- BuyProduct2 -->
