<?xml version="1.0" encoding="UTF-8"?>
<!-- Generated by org.testng.reporters.JUnitXMLReporter -->
<testsuite ignored="0" hostname="DESKTOP-9LN3PKI" failures="1" tests="1" name="EndToEndTest" time="10.911" errors="0" timestamp="2023-11-14T12:07:12 PKT">
  <testcase classname="appiumTest.appiumFrameworkTest.FormEcomeEndToEndTest" name="fillForm" time="4.363">
    <failure type="java.lang.AssertionError" message="expected [true] but found [false]">
      <![CDATA[java.lang.AssertionError: expected [true] but found [false]
at appiumTest.appiumFrameworkTest.FormEcomeEndToEndTest.fillForm(FormEcomeEndToEndTest.java:15)
at java.base/java.util.ArrayList.forEach(ArrayList.java:1511)
... Removed 32 stack frames]]>
    </failure>
  </testcase> <!-- fillForm -->
</testsuite> <!-- EndToEndTest -->
